<?xml version="1.0" encoding="UTF-8"?>
<!-- Generated by org.testng.reporters.JUnitReportReporter -->
<testsuite hostname="DESKTOP-QUD63Q9" failures="0" tests="1" name="Example.PracticeEx1" time="0.015" errors="0" timestamp="2023-01-07T11:04:56 IST" skipped="0">
  <testcase classname="Example.PracticeEx1" name="example1" time="0.015"/>
</testsuite> <!-- Example.PracticeEx1 -->
