<?xml version="1.0" encoding="UTF-8"?>
<!-- Generated by org.testng.reporters.JUnitReportReporter -->
<testsuite skipped="0" hostname="DESKTOP-QUD63Q9" name="Example.PracticeEx1" tests="1" failures="0" timestamp="2023-01-07T19:49:33 IST" time="0.013" errors="0">
  <testcase name="example1" time="0.013" classname="Example.PracticeEx1"/>
</testsuite> <!-- Example.PracticeEx1 -->
